#! /usr/bin/vvp
:ivl_version "11.0 (stable)";
:ivl_delay_selection "TYPICAL";
:vpi_time_precision + 0;
:vpi_module "/usr/lib/x86_64-linux-gnu/ivl/system.vpi";
:vpi_module "/usr/lib/x86_64-linux-gnu/ivl/vhdl_sys.vpi";
:vpi_module "/usr/lib/x86_64-linux-gnu/ivl/vhdl_textio.vpi";
:vpi_module "/usr/lib/x86_64-linux-gnu/ivl/v2005_math.vpi";
:vpi_module "/usr/lib/x86_64-linux-gnu/ivl/va_math.vpi";
S_0x55638dcb5d90 .scope module, "Semaphore" "Semaphore" 2 1;
 .timescale 0 0;
    .port_info 0 /INPUT 1 "clk";
    .port_info 1 /INPUT 1 "rst_n";
    .port_info 2 /INPUT 1 "pedestrian";
    .port_info 3 /OUTPUT 1 "green";
    .port_info 4 /OUTPUT 1 "yellow";
    .port_info 5 /OUTPUT 1 "red";
P_0x55638dcb8230 .param/l "CLK_FREQ" 0 2 2, +C4<00000101111101011110000100000000>;
P_0x55638dcb8270 .param/l "ESTADO_AMARELO" 0 2 15, C4<010>;
P_0x55638dcb82b0 .param/l "ESTADO_VERDE" 0 2 14, C4<001>;
P_0x55638dcb82f0 .param/l "ESTADO_VERMELHO" 0 2 13, C4<000>;
P_0x55638dcb8330 .param/l "TEMPO_AMARELO" 0 2 19, +C4<00000010111110101111000010000000>;
P_0x55638dcb8370 .param/l "TEMPO_VERDE" 0 2 18, +C4<0000000000000000000000000000000000011101110011010110010100000000>;
P_0x55638dcb83b0 .param/l "TEMPO_VERMELHO" 0 2 17, +C4<0000000000000000000000000000000000101001101110010010011100000000>;
L_0x55638dd09b70 .functor BUFZ 1, v0x55638dce0460_0, C4<0>, C4<0>, C4<0>;
L_0x55638dd09c30 .functor BUFZ 1, v0x55638dd092b0_0, C4<0>, C4<0>, C4<0>;
L_0x55638dd09d00 .functor BUFZ 1, v0x55638dd091f0_0, C4<0>, C4<0>, C4<0>;
v0x55638dce0460_0 .var "_green", 0 0;
v0x55638dd091f0_0 .var "_red", 0 0;
v0x55638dd092b0_0 .var "_yellow", 0 0;
o0x7fa2816050a8 .functor BUFZ 1, C4<z>; HiZ drive
v0x55638dd09380_0 .net "clk", 0 0, o0x7fa2816050a8;  0 drivers
v0x55638dd09440_0 .var "estado", 0 0;
v0x55638dd09550_0 .net "green", 0 0, L_0x55638dd09b70;  1 drivers
o0x7fa281605138 .functor BUFZ 1, C4<z>; HiZ drive
v0x55638dd09610_0 .net "pedestrian", 0 0, o0x7fa281605138;  0 drivers
v0x55638dd096d0_0 .var "proximo_estado", 0 0;
v0x55638dd09790_0 .net "red", 0 0, L_0x55638dd09d00;  1 drivers
o0x7fa2816051c8 .functor BUFZ 1, C4<z>; HiZ drive
v0x55638dd09850_0 .net "rst_n", 0 0, o0x7fa2816051c8;  0 drivers
v0x55638dd09910_0 .var "tempo", 31 0;
v0x55638dd099f0_0 .net "yellow", 0 0, L_0x55638dd09c30;  1 drivers
E_0x55638dcee690 .event edge, v0x55638dd09440_0;
E_0x55638dcd9080/0 .event negedge, v0x55638dd09850_0;
E_0x55638dcd9080/1 .event posedge, v0x55638dd09610_0, v0x55638dd09380_0;
E_0x55638dcd9080 .event/or E_0x55638dcd9080/0, E_0x55638dcd9080/1;
    .scope S_0x55638dcb5d90;
T_0 ;
    %wait E_0x55638dcd9080;
    %load/vec4 v0x55638dd09850_0;
    %nor/r;
    %flag_set/vec4 8;
    %jmp/0xz  T_0.0, 8;
    %pushi/vec4 0, 0, 1;
    %store/vec4 v0x55638dd09440_0, 0, 1;
    %pushi/vec4 0, 0, 32;
    %store/vec4 v0x55638dd09910_0, 0, 32;
    %jmp T_0.1;
T_0.0 ;
    %load/vec4 v0x55638dd09910_0;
    %addi 1, 0, 32;
    %store/vec4 v0x55638dd09910_0, 0, 32;
    %load/vec4 v0x55638dd09610_0;
    %load/vec4 v0x55638dd09440_0;
    %pad/u 3;
    %pushi/vec4 1, 0, 3;
    %cmp/e;
    %flag_get/vec4 4;
    %and;
    %flag_set/vec4 8;
    %jmp/0xz  T_0.2, 8;
    %pushi/vec4 0, 0, 1;
    %store/vec4 v0x55638dd09440_0, 0, 1;
    %pushi/vec4 0, 0, 32;
    %store/vec4 v0x55638dd09910_0, 0, 32;
    %jmp T_0.3;
T_0.2 ;
    %load/vec4 v0x55638dd096d0_0;
    %store/vec4 v0x55638dd09440_0, 0, 1;
T_0.3 ;
T_0.1 ;
    %jmp T_0;
    .thread T_0;
    .scope S_0x55638dcb5d90;
T_1 ;
    %wait E_0x55638dcee690;
    %load/vec4 v0x55638dd09440_0;
    %pad/u 2;
    %dup/vec4;
    %pushi/vec4 0, 0, 2;
    %cmp/u;
    %jmp/1 T_1.0, 6;
    %dup/vec4;
    %pushi/vec4 1, 0, 2;
    %cmp/u;
    %jmp/1 T_1.1, 6;
    %dup/vec4;
    %pushi/vec4 2, 0, 2;
    %cmp/u;
    %jmp/1 T_1.2, 6;
    %jmp T_1.3;
T_1.0 ;
    %pushi/vec4 0, 0, 1;
    %store/vec4 v0x55638dce0460_0, 0, 1;
    %pushi/vec4 0, 0, 1;
    %store/vec4 v0x55638dd092b0_0, 0, 1;
    %pushi/vec4 1, 0, 1;
    %store/vec4 v0x55638dd091f0_0, 0, 1;
    %load/vec4 v0x55638dd09910_0;
    %pad/u 64;
    %cmpi/u 700000000, 0, 64;
    %flag_inv 5; GE is !LT
    %jmp/0xz  T_1.4, 5;
    %pushi/vec4 0, 0, 32;
    %store/vec4 v0x55638dd09910_0, 0, 32;
    %pushi/vec4 1, 0, 1;
    %store/vec4 v0x55638dd096d0_0, 0, 1;
T_1.4 ;
    %jmp T_1.3;
T_1.1 ;
    %pushi/vec4 1, 0, 1;
    %store/vec4 v0x55638dce0460_0, 0, 1;
    %pushi/vec4 0, 0, 1;
    %store/vec4 v0x55638dd092b0_0, 0, 1;
    %pushi/vec4 0, 0, 1;
    %store/vec4 v0x55638dd091f0_0, 0, 1;
    %load/vec4 v0x55638dd09910_0;
    %pad/u 64;
    %cmpi/u 500000000, 0, 64;
    %flag_inv 5; GE is !LT
    %jmp/0xz  T_1.6, 5;
    %pushi/vec4 0, 0, 1;
    %store/vec4 v0x55638dce0460_0, 0, 1;
    %pushi/vec4 1, 0, 1;
    %store/vec4 v0x55638dd092b0_0, 0, 1;
    %pushi/vec4 0, 0, 1;
    %store/vec4 v0x55638dd091f0_0, 0, 1;
    %pushi/vec4 0, 0, 32;
    %store/vec4 v0x55638dd09910_0, 0, 32;
    %pushi/vec4 0, 0, 1;
    %store/vec4 v0x55638dd096d0_0, 0, 1;
T_1.6 ;
    %jmp T_1.3;
T_1.2 ;
    %pushi/vec4 0, 0, 1;
    %store/vec4 v0x55638dce0460_0, 0, 1;
    %pushi/vec4 1, 0, 1;
    %store/vec4 v0x55638dd092b0_0, 0, 1;
    %pushi/vec4 0, 0, 1;
    %store/vec4 v0x55638dd091f0_0, 0, 1;
    %load/vec4 v0x55638dd09910_0;
    %cmpi/u 50000000, 0, 32;
    %flag_inv 5; GE is !LT
    %jmp/0xz  T_1.8, 5;
    %pushi/vec4 0, 0, 32;
    %store/vec4 v0x55638dd09910_0, 0, 32;
    %pushi/vec4 0, 0, 1;
    %store/vec4 v0x55638dd096d0_0, 0, 1;
T_1.8 ;
    %jmp T_1.3;
T_1.3 ;
    %pop/vec4 1;
    %jmp T_1;
    .thread T_1, $push;
# The file index is used to find the file name in the following table.
:file_names 3;
    "N/A";
    "<interactive>";
    "semaphore.v";
